C:\USERS\JAKE\DROPBOX\GAMES TECHNOLOGY\YEAR 2\C++ DEVELOPMENT\ASSIGNMENTS\ASSIGNMENT TASK 3\ASSIGNMENT 3\DEBUG\ACTION.OBJ
C:\USERS\JAKE\DROPBOX\GAMES TECHNOLOGY\YEAR 2\C++ DEVELOPMENT\ASSIGNMENTS\ASSIGNMENT TASK 3\ASSIGNMENT 3\DEBUG\ASSIGNMENT 3.EXE.INTERMEDIATE.MANIFEST
C:\Users\Jake\Dropbox\Games Technology\Year 2\C++ Development\Assignments\Assignment task 3\Assignment 3\Debug\Assignment 3.vcxprojResolveAssemblyReference.cache
C:\Users\Jake\Dropbox\Games Technology\Year 2\C++ Development\Assignments\Assignment task 3\Assignment 3\Debug\Assignment 3.write.1.tlog
C:\Users\Jake\Dropbox\Games Technology\Year 2\C++ Development\Assignments\Assignment task 3\Assignment 3\Debug\cl.command.1.tlog
C:\Users\Jake\Dropbox\Games Technology\Year 2\C++ Development\Assignments\Assignment task 3\Assignment 3\Debug\CL.read.1.tlog
C:\Users\Jake\Dropbox\Games Technology\Year 2\C++ Development\Assignments\Assignment task 3\Assignment 3\Debug\CL.write.1.tlog
C:\Users\Jake\Dropbox\Games Technology\Year 2\C++ Development\Assignments\Assignment task 3\Assignment 3\Debug\link.command.1.tlog
C:\Users\Jake\Dropbox\Games Technology\Year 2\C++ Development\Assignments\Assignment task 3\Assignment 3\Debug\link.read.1.tlog
C:\Users\Jake\Dropbox\Games Technology\Year 2\C++ Development\Assignments\Assignment task 3\Assignment 3\Debug\link.write.1.tlog
C:\USERS\JAKE\DROPBOX\GAMES TECHNOLOGY\YEAR 2\C++ DEVELOPMENT\ASSIGNMENTS\ASSIGNMENT TASK 3\ASSIGNMENT 3\DEBUG\MAIN.OBJ
C:\USERS\JAKE\DROPBOX\GAMES TECHNOLOGY\YEAR 2\C++ DEVELOPMENT\ASSIGNMENTS\ASSIGNMENT TASK 3\ASSIGNMENT 3\DEBUG\MAP.OBJ
C:\USERS\JAKE\DROPBOX\GAMES TECHNOLOGY\YEAR 2\C++ DEVELOPMENT\ASSIGNMENTS\ASSIGNMENT TASK 3\ASSIGNMENT 3\DEBUG\MENU.OBJ
C:\Users\Jake\Dropbox\Games Technology\Year 2\C++ Development\Assignments\Assignment task 3\Assignment 3\Debug\mt.command.1.tlog
C:\Users\Jake\Dropbox\Games Technology\Year 2\C++ Development\Assignments\Assignment task 3\Assignment 3\Debug\mt.read.1.tlog
C:\Users\Jake\Dropbox\Games Technology\Year 2\C++ Development\Assignments\Assignment task 3\Assignment 3\Debug\mt.write.1.tlog
C:\USERS\JAKE\DROPBOX\GAMES TECHNOLOGY\YEAR 2\C++ DEVELOPMENT\ASSIGNMENTS\ASSIGNMENT TASK 3\ASSIGNMENT 3\DEBUG\OBJECT.OBJ
C:\USERS\JAKE\DROPBOX\GAMES TECHNOLOGY\YEAR 2\C++ DEVELOPMENT\ASSIGNMENTS\ASSIGNMENT TASK 3\ASSIGNMENT 3\DEBUG\PLAYER.OBJ
C:\USERS\JAKE\DROPBOX\GAMES TECHNOLOGY\YEAR 2\C++ DEVELOPMENT\ASSIGNMENTS\ASSIGNMENT TASK 3\ASSIGNMENT 3\DEBUG\ROOM.OBJ
C:\Users\Jake\Dropbox\Games Technology\Year 2\C++ Development\Assignments\Assignment task 3\Assignment 3\Debug\vc100.idb
C:\USERS\JAKE\DROPBOX\GAMES TECHNOLOGY\YEAR 2\C++ DEVELOPMENT\ASSIGNMENTS\ASSIGNMENT TASK 3\ASSIGNMENT 3\DEBUG\VC100.PDB
C:\USERS\JAKE\DROPBOX\GAMES TECHNOLOGY\YEAR 2\C++ DEVELOPMENT\ASSIGNMENTS\ASSIGNMENT TASK 3\DEBUG\ASSIGNMENT 3.EXE
C:\USERS\JAKE\DROPBOX\GAMES TECHNOLOGY\YEAR 2\C++ DEVELOPMENT\ASSIGNMENTS\ASSIGNMENT TASK 3\DEBUG\ASSIGNMENT 3.ILK
C:\USERS\JAKE\DROPBOX\GAMES TECHNOLOGY\YEAR 2\C++ DEVELOPMENT\ASSIGNMENTS\ASSIGNMENT TASK 3\DEBUG\ASSIGNMENT 3.PDB
